2017-07-16 11:39:38,271 - Image URL Returned 96c7a438.png
2017-07-16 11:39:51,453 - Image URL Returned e4732237.png
2017-07-16 11:39:56,561 - Image URL Returned 78c90c05.png
2017-07-16 11:40:00,023 - Image URL Returned baea98ed.png
2017-07-16 11:40:13,632 - Image URL Returned 62a6cf86.png
2017-07-16 11:41:42,673 - Traceback (most recent call last):
  File "app.py", line 73, in post
    image_url = screenshot.get_screenshot(args['url'], width, height)
  File "/home/james/Projects/paywalls_suck/lib/screenshot.py", line 22, in get_screenshot
    br.get(url)
  File "/usr/local/lib/python2.7/dist-packages/selenium/webdriver/remote/webdriver.py", line 268, in get
    self.execute(Command.GET, {'url': url})
  File "/usr/local/lib/python2.7/dist-packages/selenium/webdriver/remote/webdriver.py", line 256, in execute
    self.error_handler.check_response(response)
  File "/usr/local/lib/python2.7/dist-packages/selenium/webdriver/remote/errorhandler.py", line 194, in check_response
    raise exception_class(message, screen, stacktrace)
TimeoutException: Message: {"errorMessage":"URL 'http://www.bbc.com/news/world-asia-china-40601913' didn't load. Error: 'timeout'","request":{"headers":{"Accept":"application/json","Accept-Encoding":"identity","Connection":"close","Content-Length":"113","Content-Type":"application/json;charset=UTF-8","Host":"127.0.0.1:45677","User-Agent":"Python http auth"},"httpVersion":"1.1","method":"POST","post":"{\"url\": \"http://www.bbc.com/news/world-asia-china-40601913\", \"sessionId\": \"b7951100-69e0-11e7-8532-4120d14ae131\"}","url":"/url","urlParsed":{"anchor":"","query":"","file":"url","directory":"/","path":"/url","relative":"/url","port":"","host":"","password":"","user":"","userInfo":"","authority":"","protocol":"","source":"/url","queryKey":{},"chunks":["url"]},"urlOriginal":"/session/b7951100-69e0-11e7-8532-4120d14ae131/url"}}
Screenshot: available via screen


2017-07-16 11:41:51,855 - Image URL Returned e87cb59b.png
2017-07-16 11:46:06,525 - Traceback (most recent call last):
  File "app.py", line 73, in post
    image_url = screenshot.get_screenshot(args['url'], width, height)
  File "/home/james/Projects/paywalls_suck/lib/screenshot.py", line 22, in get_screenshot
    br.get(url)
  File "/usr/local/lib/python2.7/dist-packages/selenium/webdriver/remote/webdriver.py", line 268, in get
    self.execute(Command.GET, {'url': url})
  File "/usr/local/lib/python2.7/dist-packages/selenium/webdriver/remote/webdriver.py", line 256, in execute
    self.error_handler.check_response(response)
  File "/usr/local/lib/python2.7/dist-packages/selenium/webdriver/remote/errorhandler.py", line 194, in check_response
    raise exception_class(message, screen, stacktrace)
TimeoutException: Message: {"errorMessage":"URL 'http://www.bbc.com/news/world-asia-china-40601913' didn't load. Error: 'timeout'","request":{"headers":{"Accept":"application/json","Accept-Encoding":"identity","Connection":"close","Content-Length":"113","Content-Type":"application/json;charset=UTF-8","Host":"127.0.0.1:45677","User-Agent":"Python http auth"},"httpVersion":"1.1","method":"POST","post":"{\"url\": \"http://www.bbc.com/news/world-asia-china-40601913\", \"sessionId\": \"b7951100-69e0-11e7-8532-4120d14ae131\"}","url":"/url","urlParsed":{"anchor":"","query":"","file":"url","directory":"/","path":"/url","relative":"/url","port":"","host":"","password":"","user":"","userInfo":"","authority":"","protocol":"","source":"/url","queryKey":{},"chunks":["url"]},"urlOriginal":"/session/b7951100-69e0-11e7-8532-4120d14ae131/url"}}
Screenshot: available via screen


2017-07-16 11:46:17,555 - Traceback (most recent call last):
  File "app.py", line 73, in post
    image_url = screenshot.get_screenshot(args['url'], width, height)
  File "/home/james/Projects/paywalls_suck/lib/screenshot.py", line 22, in get_screenshot
    br.get(url)
  File "/usr/local/lib/python2.7/dist-packages/selenium/webdriver/remote/webdriver.py", line 268, in get
    self.execute(Command.GET, {'url': url})
  File "/usr/local/lib/python2.7/dist-packages/selenium/webdriver/remote/webdriver.py", line 256, in execute
    self.error_handler.check_response(response)
  File "/usr/local/lib/python2.7/dist-packages/selenium/webdriver/remote/errorhandler.py", line 194, in check_response
    raise exception_class(message, screen, stacktrace)
TimeoutException: Message: {"errorMessage":"URL 'http://www.bbc.com/news/world-asia-china-40601913' didn't load. Error: 'timeout'","request":{"headers":{"Accept":"application/json","Accept-Encoding":"identity","Connection":"close","Content-Length":"113","Content-Type":"application/json;charset=UTF-8","Host":"127.0.0.1:45677","User-Agent":"Python http auth"},"httpVersion":"1.1","method":"POST","post":"{\"url\": \"http://www.bbc.com/news/world-asia-china-40601913\", \"sessionId\": \"b7951100-69e0-11e7-8532-4120d14ae131\"}","url":"/url","urlParsed":{"anchor":"","query":"","file":"url","directory":"/","path":"/url","relative":"/url","port":"","host":"","password":"","user":"","userInfo":"","authority":"","protocol":"","source":"/url","queryKey":{},"chunks":["url"]},"urlOriginal":"/session/b7951100-69e0-11e7-8532-4120d14ae131/url"}}
Screenshot: available via screen


2017-07-16 11:46:20,213 - Image URL Returned f841bac8.png
